<?xml version="1.0" encoding="UTF-8"?>
<!-- Generated by org.testng.reporters.JUnitXMLReporter -->
<testsuite ignored="0" hostname="DESKTOP-45CEJ1M" failures="0" tests="2" name="Testing in chrome" time="36.551" errors="0" timestamp="2025-04-26T05:52:52 IST">
  <testcase classname="packageAmazon.ProjectAmazon.Testcase1_LogintoAmazon" name="validcredentials" time="9.09"/>
  <testcase classname="packageAmazon.ProjectAmazon.Testcase2_LogintoAmazon_SearchforAproduct" name="validcredentials_searchingproduct" time="7.102"/>
</testsuite> <!-- Testing in chrome -->
