<?xml version="1.0" encoding="UTF-8"?>
<!-- Generated by org.testng.reporters.JUnitXMLReporter -->
<testsuite ignored="0" hostname="DESKTOP-45CEJ1M" failures="0" tests="2" name="Testing in edge" time="38.826" errors="0" timestamp="2025-04-26T05:53:31 IST">
  <testcase classname="packageAmazon.ProjectAmazon.Testcase1_LogintoAmazon" name="validcredentials" time="8.766"/>
  <testcase classname="packageAmazon.ProjectAmazon.Testcase2_LogintoAmazon_SearchforAproduct" name="validcredentials_searchingproduct" time="7.766"/>
</testsuite> <!-- Testing in edge -->
