<?xml version="1.0" encoding="UTF-8"?>
<!-- Generated by org.testng.reporters.JUnitXMLReporter -->
<testsuite ignored="0" hostname="DESKTOP-45CEJ1M" failures="0" tests="16" name="Test" time="650.549" errors="0" timestamp="2025-05-12T22:06:13 IST">
  <testcase classname="packageAmazon.ProjectAmazon.Testcase1_RegisterNewUser" name="RegisternewUser" time="11.066"/>
  <testcase classname="packageAmazon.ProjectAmazon.Testcase2_LogintoAmazon" name="validcredentials" time="10.225">
    <skipped/>
  </testcase> <!-- validcredentials -->
  <testcase classname="packageAmazon.ProjectAmazon.Testcase2_LogintoAmazon" name="validcredentials" time="9.556"/>
  <testcase classname="packageAmazon.ProjectAmazon.Testcase3_LoginFailswithIncorrectEmailorPassword" name="invalidcredentials" time="4.165"/>
  <testcase classname="packageAmazon.ProjectAmazon.Testcase4_EditProfileInfo" name="editProfileInfo" time="33.897"/>
  <testcase classname="packageAmazon.ProjectAmazon.Testcase5_LogintoAmazon_SearchforAproduct" name="validcredentials_searchingproduct" time="11.245"/>
  <testcase classname="packageAmazon.ProjectAmazon.Testcase6_SearchingwithFiltersYieldAccurateResults" name="searchingwithFiltersYieldAccurateResults" time="58.523"/>
  <testcase classname="packageAmazon.ProjectAmazon.Testcase7_ProductpagedisplaysPriceReviews" name="displaysPriceProductdescriptionReviews" time="16.435"/>
  <testcase classname="packageAmazon.ProjectAmazon.Testcase8_CheckifProductcanbeSortedByPrice" name="checkifProductcanbeSortedByPrice" time="12.197"/>
  <testcase classname="packageAmazon.ProjectAmazon.Testcase9_ProductaddedtoCart" name="productaddedtocart" time="25.058"/>
  <testcase classname="packageAmazon.ProjectAmazon.Testcase10_AddandRemoveItemQuantity" name="addandRemoveItemQuantity" time="41.346"/>
  <testcase classname="packageAmazon.ProjectAmazon.Testcase11_CheckoutProcessAddressPaymentSelectionOrderreview" name="checkoutProcessAddressPaymentSelectionOrderreview" time="55.493"/>
  <testcase classname="packageAmazon.ProjectAmazon.Testcase12_SelectEachPaymentMethod" name="selectEachPaymentMethod" time="112.206"/>
  <testcase classname="packageAmazon.ProjectAmazon.Testcase13_ApplyforCouponCodeWhileOrdering" name="applyforCouponCodeWhileOrdering" time="15.777"/>
  <testcase classname="packageAmazon.ProjectAmazon.Testcase14_ProductRating" name="productRating" time="25.924"/>
  <testcase classname="packageAmazon.ProjectAmazon.Testcase15_ReachtillCartPageWithoutLogin" name="reachtillCartPageWithoutLogin" time="10.716"/>
</testsuite> <!-- Test -->
