<?xml version="1.0" encoding="UTF-8"?>
<testsuite xmlns:xsi="http://www.w3.org/2001/XMLSchema-instance" xsi:noNamespaceSchemaLocation="https://maven.apache.org/surefire/maven-surefire-plugin/xsd/surefire-test-report.xsd" version="3.0.2" name="TestSuite" time="651.493" tests="16" errors="0" skipped="1" failures="0">
  <properties>
[...]
</properties>
  <testcase name="RegisternewUser" classname="packageAmazon.ProjectAmazon.Testcase1_RegisterNewUser" time="11.06">
    <system-err><![CDATA[SLF4J: Failed to load class "org.slf4j.impl.StaticLoggerBinder".
SLF4J: Defaulting to no-operation (NOP) logger implementation
SLF4J: See http://www.slf4j.org/codes.html#StaticLoggerBinder for further details.
May 12, 2025 9:55:24 PM org.openqa.selenium.devtools.CdpVersionFinder findNearestMatch
WARNING: Unable to find an exact match for CDP version 136, returning the closest version; found: 134; Please update to a Selenium version that supports CDP version 136
ERROR StatusLogger Log4j2 could not find a logging implementation. Please add log4j-core to the classpath. Using SimpleLogger to log to the console...
]]></system-err>
  </testcase>
  <testcase name="validcredentials" classname="packageAmazon.ProjectAmazon.Testcase2_LogintoAmazon" time="0.0">
    <skipped message="java.lang.reflect.InvocationTargetException&#10;Build info: version: &apos;4.30.0&apos;, revision: &apos;509c7f17cc*&apos;&#10;System info: os.name: &apos;Windows 11&apos;, os.arch: &apos;amd64&apos;, os.version: &apos;10.0&apos;, java.version: &apos;23.0.1&apos;&#10;Driver info: org.openqa.selenium.chrome.ChromeDriver&#10;Command: [48022313a5267724258e702b79efd390, actions {actions=[org.openqa.selenium.interactions.Sequence@b965857]}]&#10;Capabilities {acceptInsecureCerts: false, browserName: chrome, browserVersion: 136.0.7103.92, chrome: {chromedriverVersion: 136.0.7103.92 (cb81a4cc5087..., userDataDir: C:\Users\User\AppData\Local...}, fedcm:accounts: true, goog:chromeOptions: {debuggerAddress: localhost:58151}, networkConnectionEnabled: false, pageLoadStrategy: normal, platformName: windows, proxy: Proxy(), se:cdp: ws://localhost:58151/devtoo..., se:cdpVersion: 136.0.7103.92, setWindowRect: true, strictFileInteractability: false, timeouts: {implicit: 0, pageLoad: 300000, script: 30000}, unhandledPromptBehavior: dismiss and notify, webauthn:extension:credBlob: true, webauthn:extension:largeBlob: true, webauthn:extension:minPinLength: true, webauthn:extension:prf: true, webauthn:virtualAuthenticators: true}&#10;Session ID: 48022313a5267724258e702b79efd390"/>
    <system-err><![CDATA[May 12, 2025 9:55:48 PM org.openqa.selenium.devtools.CdpVersionFinder findNearestMatch
WARNING: Unable to find an exact match for CDP version 136, returning the closest version; found: 134; Please update to a Selenium version that supports CDP version 136
]]></system-err>
  </testcase>
  <testcase name="validcredentials" classname="packageAmazon.ProjectAmazon.Testcase2_LogintoAmazon" time="9.548">
    <system-err><![CDATA[May 12, 2025 9:56:03 PM org.openqa.selenium.devtools.CdpVersionFinder findNearestMatch
WARNING: Unable to find an exact match for CDP version 136, returning the closest version; found: 134; Please update to a Selenium version that supports CDP version 136
]]></system-err>
  </testcase>
  <testcase name="invalidcredentials" classname="packageAmazon.ProjectAmazon.Testcase3_LoginFailswithIncorrectEmailorPassword" time="4.165">
    <system-out><![CDATA[Invalid email address.
]]></system-out>
    <system-err><![CDATA[May 12, 2025 9:56:30 PM org.openqa.selenium.devtools.CdpVersionFinder findNearestMatch
WARNING: Unable to find an exact match for CDP version 136, returning the closest version; found: 134; Please update to a Selenium version that supports CDP version 136
]]></system-err>
  </testcase>
  <testcase name="editProfileInfo" classname="packageAmazon.ProjectAmazon.Testcase4_EditProfileInfo" time="33.89">
    <system-out><![CDATA[Treesa
Treesa VT
]]></system-out>
    <system-err><![CDATA[May 12, 2025 9:56:45 PM org.openqa.selenium.devtools.CdpVersionFinder findNearestMatch
WARNING: Unable to find an exact match for CDP version 136, returning the closest version; found: 134; Please update to a Selenium version that supports CDP version 136
]]></system-err>
  </testcase>
  <testcase name="validcredentials_searchingproduct" classname="packageAmazon.ProjectAmazon.Testcase5_LogintoAmazon_SearchforAproduct" time="11.243">
    <system-out><![CDATA[70
]]></system-out>
    <system-err><![CDATA[May 12, 2025 9:57:45 PM org.openqa.selenium.devtools.CdpVersionFinder findNearestMatch
WARNING: Unable to find an exact match for CDP version 136, returning the closest version; found: 134; Please update to a Selenium version that supports CDP version 136
]]></system-err>
  </testcase>
  <testcase name="searchingwithFiltersYieldAccurateResults" classname="packageAmazon.ProjectAmazon.Testcase6_SearchingwithFiltersYieldAccurateResults" time="58.523">
    <system-err><![CDATA[May 12, 2025 9:58:03 PM org.openqa.selenium.devtools.CdpVersionFinder findNearestMatch
WARNING: Unable to find an exact match for CDP version 136, returning the closest version; found: 134; Please update to a Selenium version that supports CDP version 136
]]></system-err>
  </testcase>
  <testcase name="displaysPriceProductdescriptionReviews" classname="packageAmazon.ProjectAmazon.Testcase7_ProductpagedisplaysPriceReviews" time="16.435">
    <system-out><![CDATA[true
]]></system-out>
    <system-err><![CDATA[May 12, 2025 9:59:07 PM org.openqa.selenium.devtools.CdpVersionFinder findNearestMatch
WARNING: Unable to find an exact match for CDP version 136, returning the closest version; found: 134; Please update to a Selenium version that supports CDP version 136
]]></system-err>
  </testcase>
  <testcase name="checkifProductcanbeSortedByPrice" classname="packageAmazon.ProjectAmazon.Testcase8_CheckifProductcanbeSortedByPrice" time="12.197">
    <system-out><![CDATA[[]
172
Found price: 172
172
Found price: 172
172
Found price: 172
172
Found price: 172
172
Found price: 172
172
Found price: 172
172
Found price: 172
Price sorting check complete.
]]></system-out>
    <system-err><![CDATA[May 12, 2025 9:59:45 PM org.openqa.selenium.devtools.CdpVersionFinder findNearestMatch
WARNING: Unable to find an exact match for CDP version 136, returning the closest version; found: 134; Please update to a Selenium version that supports CDP version 136
]]></system-err>
  </testcase>
  <testcase name="productaddedtocart" classname="packageAmazon.ProjectAmazon.Testcase9_ProductaddedtoCart" time="25.053">
    <system-out><![CDATA[Added to cart
]]></system-out>
    <system-err><![CDATA[May 12, 2025 10:00:05 PM org.openqa.selenium.devtools.CdpVersionFinder findNearestMatch
WARNING: Unable to find an exact match for CDP version 136, returning the closest version; found: 134; Please update to a Selenium version that supports CDP version 136
]]></system-err>
  </testcase>
  <testcase name="addandRemoveItemQuantity" classname="packageAmazon.ProjectAmazon.Testcase10_AddandRemoveItemQuantity" time="41.346">
    <system-out><![CDATA[7
6
]]></system-out>
    <system-err><![CDATA[May 12, 2025 10:00:38 PM org.openqa.selenium.devtools.CdpVersionFinder findNearestMatch
WARNING: Unable to find an exact match for CDP version 136, returning the closest version; found: 134; Please update to a Selenium version that supports CDP version 136
]]></system-err>
  </testcase>
  <testcase name="checkoutProcessAddressPaymentSelectionOrderreview" classname="packageAmazon.ProjectAmazon.Testcase11_CheckoutProcessAddressPaymentSelectionOrderreview" time="55.494">
    <system-err><![CDATA[May 12, 2025 10:01:27 PM org.openqa.selenium.devtools.CdpVersionFinder findNearestMatch
WARNING: Unable to find an exact match for CDP version 136, returning the closest version; found: 134; Please update to a Selenium version that supports CDP version 136
]]></system-err>
  </testcase>
  <testcase name="selectEachPaymentMethod" classname="packageAmazon.ProjectAmazon.Testcase12_SelectEachPaymentMethod" time="112.208">
    <system-err><![CDATA[May 12, 2025 10:02:31 PM org.openqa.selenium.devtools.CdpVersionFinder findNearestMatch
WARNING: Unable to find an exact match for CDP version 136, returning the closest version; found: 134; Please update to a Selenium version that supports CDP version 136
]]></system-err>
  </testcase>
  <testcase name="applyforCouponCodeWhileOrdering" classname="packageAmazon.ProjectAmazon.Testcase13_ApplyforCouponCodeWhileOrdering" time="15.778">
    <system-out><![CDATA[The promotional code you entered is not valid.
]]></system-out>
    <system-err><![CDATA[May 12, 2025 10:04:42 PM org.openqa.selenium.devtools.CdpVersionFinder findNearestMatch
WARNING: Unable to find an exact match for CDP version 136, returning the closest version; found: 134; Please update to a Selenium version that supports CDP version 136
]]></system-err>
  </testcase>
  <testcase name="productRating" classname="packageAmazon.ProjectAmazon.Testcase14_ProductRating" time="25.921">
    <system-err><![CDATA[May 12, 2025 10:05:05 PM org.openqa.selenium.devtools.CdpVersionFinder findNearestMatch
WARNING: Unable to find an exact match for CDP version 136, returning the closest version; found: 134; Please update to a Selenium version that supports CDP version 136
]]></system-err>
  </testcase>
  <testcase name="reachtillCartPageWithoutLogin" classname="packageAmazon.ProjectAmazon.Testcase15_ReachtillCartPageWithoutLogin" time="10.71">
    <system-err><![CDATA[May 12, 2025 10:05:55 PM org.openqa.selenium.devtools.CdpVersionFinder findNearestMatch
WARNING: Unable to find an exact match for CDP version 136, returning the closest version; found: 134; Please update to a Selenium version that supports CDP version 136
]]></system-err>
  </testcase>
</testsuite>