<?xml version="1.0" encoding="UTF-8"?>
<testng-results ignored="0" total="1" passed="1" failed="0" skipped="0">
  <reporter-output>
    <line>
      <![CDATA[ItemQuantity incremented]]>
    </line>
    <line>
      <![CDATA[ItemQuantity decremented]]>
    </line>
    <line>
      <![CDATA[Test case Passed addandRemoveItemQuantity]]>
    </line>
  </reporter-output>
  <suite started-at="2025-05-12T14:57:09 IST" name="Suite" finished-at="2025-05-12T14:57:42 IST" duration-ms="33375">
    <groups>
    </groups>
    <test started-at="2025-05-12T14:57:09 IST" name="Test" finished-at="2025-05-12T14:57:42 IST" duration-ms="33375">
      <class name="packageAmazon.ProjectAmazon.Testcase10_AddandRemoveItemQuantity">
        <test-method is-config="true" signature="launch(java.lang.String)[pri:0, instance:packageAmazon.ProjectAmazon.Testcase10_AddandRemoveItemQuantity@6ed3ccb2]" started-at="2025-05-12T14:57:09 IST" name="launch" finished-at="2025-05-12T14:57:14 IST" duration-ms="4871" status="PASS">
          <params>
            <param index="0">
              <value>
                <![CDATA[chrome]]>
              </value>
            </param>
          </params>
          <reporter-output>
          </reporter-output>
        </test-method> <!-- launch -->
        <test-method signature="addandRemoveItemQuantity()[pri:0, instance:packageAmazon.ProjectAmazon.Testcase10_AddandRemoveItemQuantity@6ed3ccb2]" started-at="2025-05-12T14:57:14 IST" name="addandRemoveItemQuantity" finished-at="2025-05-12T14:57:39 IST" duration-ms="25877" status="PASS">
          <reporter-output>
            <line>
              <![CDATA[ItemQuantity incremented]]>
            </line>
            <line>
              <![CDATA[ItemQuantity decremented]]>
            </line>
            <line>
              <![CDATA[Test case Passed addandRemoveItemQuantity]]>
            </line>
          </reporter-output>
        </test-method> <!-- addandRemoveItemQuantity -->
        <test-method is-config="true" signature="quit()[pri:0, instance:packageAmazon.ProjectAmazon.Testcase10_AddandRemoveItemQuantity@6ed3ccb2]" started-at="2025-05-12T14:57:40 IST" name="quit" finished-at="2025-05-12T14:57:42 IST" duration-ms="2372" status="PASS">
          <reporter-output>
          </reporter-output>
        </test-method> <!-- quit -->
      </class> <!-- packageAmazon.ProjectAmazon.Testcase10_AddandRemoveItemQuantity -->
    </test> <!-- Test -->
  </suite> <!-- Suite -->
</testng-results>
